# This file was automatically created by FeynRules 2.3.49
# Mathematica version: 14.1.0 for Linux x86 (64-bit) (July 16, 2024)
# Date: Thu 9 Jan 2025 17:43:51


# 
# This is the logfile for the model 2HDMScU1Nmet_HEFT

# Authors: Guglielmo Coloretti
# Model version: 1
# Checking the Quantum numbers
   * Electric charge defined.
# Checking the Lagrangians
   * All Lagrangians are ok.
#
# Particle definitions
#

   * No particles removed. All particles correspond to GenInt setup.



# Compulsory PDG codes:
   * Class SM leptons complete.
   * Class SM neutrinos complete.
   * Class SM quarks complete.
   * Class SM gauge bosons complete.
#
# Parameter definitions
#

   * All parameters are ok.


# Vertices
   * Calling FeynmanRules for 1 Lagrangians.
   * Number of classes vertices: 649
   * Number of flavored vertices: 649
   * Saved vertices in InterfaceRun[ 1 ].
   * Checked QNumber conservation.
      - Quantum number LeptonNumber conserved in all vertices.
      - Quantum number Q conserved in all vertices.
      - Quantum number X conserved in all vertices.
      - Quantum number Y conserved in all vertices.
   * particles.py written.
   * parameters.py written.
#
# Vertex definitions
#

   * 649 vertices written.
   * vertices.py written.
#
# Lorentz structure definitions
#

   * 24 lorentz structures written.
   * lorentz.py written.
#
# Coupling definitions
#

   * 574 couplings written.
   * couplings.py written.
#
# Coupling order definitions
#

   * 0 couplings orders written.
   * coupling_orders.py written.
#
# Decay definitions
#

   * 20 decays written.
   * decay.py not written
#
# CTCoupling definitions
#

   * 0 CTcouplings written.
   * CT_couplings.py written.
